{"/home/chris/TheOdinProject/Learning-Jest-Testing/src/arrayAnalysis.js": {"path":"/home/chris/TheOdinProject/Learning-Jest-Testing/src/arrayAnalysis.js","statementMap":{"0":{"start":{"line":2,"column":14},"end":{"line":2,"column":15}},"1":{"start":{"line":3,"column":4},"end":{"line":5,"column":5}},"2":{"start":{"line":4,"column":8},"end":{"line":4,"column":22}},"3":{"start":{"line":6,"column":4},"end":{"line":6,"column":27}},"4":{"start":{"line":7,"column":4},"end":{"line":7,"column":15}},"5":{"start":{"line":11,"column":4},"end":{"line":11,"column":30}},"6":{"start":{"line":11,"column":23},"end":{"line":11,"column":28}},"7":{"start":{"line":13,"column":4},"end":{"line":18,"column":9}},"8":{"start":{"line":20,"column":4},"end":{"line":20,"column":17}},"9":{"start":{"line":23,"column":0},"end":{"line":23,"column":25}}},"fnMap":{"0":{"name":"average","decl":{"start":{"line":1,"column":9},"end":{"line":1,"column":16}},"loc":{"start":{"line":1,"column":22},"end":{"line":8,"column":1}},"line":1},"1":{"name":"analyze","decl":{"start":{"line":10,"column":9},"end":{"line":10,"column":16}},"loc":{"start":{"line":10,"column":22},"end":{"line":21,"column":1}},"line":10},"2":{"name":"(anonymous_2)","decl":{"start":{"line":11,"column":13},"end":{"line":11,"column":14}},"loc":{"start":{"line":11,"column":23},"end":{"line":11,"column":28}},"line":11}},"branchMap":{},"s":{"0":4,"1":4,"2":24,"3":4,"4":4,"5":4,"6":27,"7":4,"8":4,"9":1},"f":{"0":4,"1":4,"2":27},"b":{},"_coverageSchema":"1a1c01bbd47fc00a2c39e90264f33305004495a9","hash":"64618c0319ad026b74b1d05b6ef65eb82666a229"}
,"/home/chris/TheOdinProject/Learning-Jest-Testing/src/calc.js": {"path":"/home/chris/TheOdinProject/Learning-Jest-Testing/src/calc.js","statementMap":{"0":{"start":{"line":1,"column":11},"end":{"line":6,"column":1}},"1":{"start":{"line":2,"column":21},"end":{"line":2,"column":33}},"2":{"start":{"line":3,"column":21},"end":{"line":3,"column":33}},"3":{"start":{"line":4,"column":21},"end":{"line":4,"column":33}},"4":{"start":{"line":5,"column":21},"end":{"line":5,"column":33}},"5":{"start":{"line":7,"column":0},"end":{"line":7,"column":22}}},"fnMap":{"0":{"name":"(anonymous_0)","decl":{"start":{"line":2,"column":9},"end":{"line":2,"column":10}},"loc":{"start":{"line":2,"column":19},"end":{"line":2,"column":35}},"line":2},"1":{"name":"(anonymous_1)","decl":{"start":{"line":3,"column":9},"end":{"line":3,"column":10}},"loc":{"start":{"line":3,"column":19},"end":{"line":3,"column":35}},"line":3},"2":{"name":"(anonymous_2)","decl":{"start":{"line":4,"column":9},"end":{"line":4,"column":10}},"loc":{"start":{"line":4,"column":19},"end":{"line":4,"column":35}},"line":4},"3":{"name":"(anonymous_3)","decl":{"start":{"line":5,"column":9},"end":{"line":5,"column":10}},"loc":{"start":{"line":5,"column":19},"end":{"line":5,"column":35}},"line":5}},"branchMap":{},"s":{"0":1,"1":1,"2":1,"3":1,"4":1,"5":1},"f":{"0":1,"1":1,"2":1,"3":1},"b":{},"_coverageSchema":"1a1c01bbd47fc00a2c39e90264f33305004495a9","hash":"03375bcb956c994db67fc41cc2ee929b070ed1be"}
,"/home/chris/TheOdinProject/Learning-Jest-Testing/src/cap.js": {"path":"/home/chris/TheOdinProject/Learning-Jest-Testing/src/cap.js","statementMap":{"0":{"start":{"line":2,"column":17},"end":{"line":2,"column":59}},"1":{"start":{"line":3,"column":4},"end":{"line":3,"column":18}},"2":{"start":{"line":5,"column":0},"end":{"line":5,"column":21}}},"fnMap":{"0":{"name":"cap","decl":{"start":{"line":1,"column":9},"end":{"line":1,"column":12}},"loc":{"start":{"line":1,"column":18},"end":{"line":4,"column":1}},"line":1}},"branchMap":{},"s":{"0":1,"1":1,"2":1},"f":{"0":1},"b":{},"_coverageSchema":"1a1c01bbd47fc00a2c39e90264f33305004495a9","hash":"daf8f0679d728337878dcdfb1987d7dee254fa2c"}
,"/home/chris/TheOdinProject/Learning-Jest-Testing/src/cipher.js": {"path":"/home/chris/TheOdinProject/Learning-Jest-Testing/src/cipher.js","statementMap":{"0":{"start":{"line":1,"column":12},"end":{"line":1,"column":41}},"1":{"start":{"line":2,"column":17},"end":{"line":2,"column":30}},"2":{"start":{"line":3,"column":13},"end":{"line":3,"column":43}},"3":{"start":{"line":4,"column":18},"end":{"line":4,"column":32}},"4":{"start":{"line":5,"column":16},"end":{"line":5,"column":28}},"5":{"start":{"line":6,"column":17},"end":{"line":6,"column":34}},"6":{"start":{"line":9,"column":21},"end":{"line":9,"column":34}},"7":{"start":{"line":10,"column":17},"end":{"line":10,"column":19}},"8":{"start":{"line":12,"column":4},"end":{"line":51,"column":5}},"9":{"start":{"line":13,"column":8},"end":{"line":19,"column":9}},"10":{"start":{"line":14,"column":12},"end":{"line":17,"column":13}},"11":{"start":{"line":15,"column":16},"end":{"line":15,"column":47}},"12":{"start":{"line":16,"column":16},"end":{"line":16,"column":21}},"13":{"start":{"line":18,"column":12},"end":{"line":18,"column":15}},"14":{"start":{"line":20,"column":8},"end":{"line":26,"column":9}},"15":{"start":{"line":21,"column":12},"end":{"line":24,"column":13}},"16":{"start":{"line":22,"column":16},"end":{"line":22,"column":46}},"17":{"start":{"line":23,"column":16},"end":{"line":23,"column":21}},"18":{"start":{"line":25,"column":12},"end":{"line":25,"column":15}},"19":{"start":{"line":27,"column":8},"end":{"line":49,"column":9}},"20":{"start":{"line":29,"column":12},"end":{"line":47,"column":13}},"21":{"start":{"line":31,"column":16},"end":{"line":31,"column":31}},"22":{"start":{"line":33,"column":16},"end":{"line":46,"column":17}},"23":{"start":{"line":34,"column":31},"end":{"line":34,"column":40}},"24":{"start":{"line":35,"column":20},"end":{"line":35,"column":53}},"25":{"start":{"line":36,"column":20},"end":{"line":36,"column":25}},"26":{"start":{"line":38,"column":23},"end":{"line":46,"column":17}},"27":{"start":{"line":41,"column":20},"end":{"line":41,"column":50}},"28":{"start":{"line":42,"column":20},"end":{"line":42,"column":25}},"29":{"start":{"line":44,"column":20},"end":{"line":44,"column":53}},"30":{"start":{"line":45,"column":20},"end":{"line":45,"column":25}},"31":{"start":{"line":48,"column":12},"end":{"line":48,"column":15}},"32":{"start":{"line":50,"column":8},"end":{"line":50,"column":11}},"33":{"start":{"line":52,"column":4},"end":{"line":52,"column":23}},"34":{"start":{"line":53,"column":4},"end":{"line":53,"column":18}},"35":{"start":{"line":57,"column":21},"end":{"line":57,"column":34}},"36":{"start":{"line":58,"column":17},"end":{"line":58,"column":19}},"37":{"start":{"line":60,"column":4},"end":{"line":103,"column":5}},"38":{"start":{"line":61,"column":8},"end":{"line":67,"column":9}},"39":{"start":{"line":62,"column":12},"end":{"line":65,"column":13}},"40":{"start":{"line":63,"column":16},"end":{"line":63,"column":47}},"41":{"start":{"line":64,"column":16},"end":{"line":64,"column":21}},"42":{"start":{"line":66,"column":12},"end":{"line":66,"column":15}},"43":{"start":{"line":68,"column":8},"end":{"line":74,"column":9}},"44":{"start":{"line":69,"column":12},"end":{"line":72,"column":13}},"45":{"start":{"line":70,"column":16},"end":{"line":70,"column":46}},"46":{"start":{"line":71,"column":16},"end":{"line":71,"column":21}},"47":{"start":{"line":73,"column":12},"end":{"line":73,"column":15}},"48":{"start":{"line":76,"column":8},"end":{"line":100,"column":9}},"49":{"start":{"line":77,"column":12},"end":{"line":98,"column":13}},"50":{"start":{"line":79,"column":16},"end":{"line":79,"column":31}},"51":{"start":{"line":81,"column":16},"end":{"line":97,"column":17}},"52":{"start":{"line":82,"column":20},"end":{"line":88,"column":21}},"53":{"start":{"line":85,"column":24},"end":{"line":85,"column":54}},"54":{"start":{"line":87,"column":24},"end":{"line":87,"column":29}},"55":{"start":{"line":89,"column":31},"end":{"line":89,"column":40}},"56":{"start":{"line":90,"column":20},"end":{"line":90,"column":53}},"57":{"start":{"line":91,"column":20},"end":{"line":91,"column":25}},"58":{"start":{"line":94,"column":20},"end":{"line":94,"column":53}},"59":{"start":{"line":96,"column":20},"end":{"line":96,"column":25}},"60":{"start":{"line":99,"column":12},"end":{"line":99,"column":15}},"61":{"start":{"line":102,"column":8},"end":{"line":102,"column":11}},"62":{"start":{"line":104,"column":4},"end":{"line":104,"column":23}},"63":{"start":{"line":105,"column":4},"end":{"line":105,"column":18}},"64":{"start":{"line":109,"column":4},"end":{"line":113,"column":5}},"65":{"start":{"line":110,"column":8},"end":{"line":110,"column":32}},"66":{"start":{"line":112,"column":8},"end":{"line":112,"column":34}},"67":{"start":{"line":116,"column":0},"end":{"line":116,"column":24}}},"fnMap":{"0":{"name":"cipher","decl":{"start":{"line":8,"column":9},"end":{"line":8,"column":15}},"loc":{"start":{"line":8,"column":26},"end":{"line":54,"column":1}},"line":8},"1":{"name":"decipher","decl":{"start":{"line":56,"column":9},"end":{"line":56,"column":17}},"loc":{"start":{"line":56,"column":28},"end":{"line":106,"column":1}},"line":56},"2":{"name":"ceasar","decl":{"start":{"line":108,"column":9},"end":{"line":108,"column":15}},"loc":{"start":{"line":108,"column":32},"end":{"line":115,"column":1}},"line":108}},"branchMap":{"0":{"loc":{"start":{"line":14,"column":12},"end":{"line":17,"column":13}},"type":"if","locations":[{"start":{"line":14,"column":12},"end":{"line":17,"column":13}},{"start":{"line":14,"column":12},"end":{"line":17,"column":13}}],"line":14},"1":{"loc":{"start":{"line":21,"column":12},"end":{"line":24,"column":13}},"type":"if","locations":[{"start":{"line":21,"column":12},"end":{"line":24,"column":13}},{"start":{"line":21,"column":12},"end":{"line":24,"column":13}}],"line":21},"2":{"loc":{"start":{"line":29,"column":12},"end":{"line":47,"column":13}},"type":"if","locations":[{"start":{"line":29,"column":12},"end":{"line":47,"column":13}},{"start":{"line":29,"column":12},"end":{"line":47,"column":13}}],"line":29},"3":{"loc":{"start":{"line":33,"column":16},"end":{"line":46,"column":17}},"type":"if","locations":[{"start":{"line":33,"column":16},"end":{"line":46,"column":17}},{"start":{"line":33,"column":16},"end":{"line":46,"column":17}}],"line":33},"4":{"loc":{"start":{"line":38,"column":23},"end":{"line":46,"column":17}},"type":"if","locations":[{"start":{"line":38,"column":23},"end":{"line":46,"column":17}},{"start":{"line":38,"column":23},"end":{"line":46,"column":17}}],"line":38},"5":{"loc":{"start":{"line":62,"column":12},"end":{"line":65,"column":13}},"type":"if","locations":[{"start":{"line":62,"column":12},"end":{"line":65,"column":13}},{"start":{"line":62,"column":12},"end":{"line":65,"column":13}}],"line":62},"6":{"loc":{"start":{"line":69,"column":12},"end":{"line":72,"column":13}},"type":"if","locations":[{"start":{"line":69,"column":12},"end":{"line":72,"column":13}},{"start":{"line":69,"column":12},"end":{"line":72,"column":13}}],"line":69},"7":{"loc":{"start":{"line":77,"column":12},"end":{"line":98,"column":13}},"type":"if","locations":[{"start":{"line":77,"column":12},"end":{"line":98,"column":13}},{"start":{"line":77,"column":12},"end":{"line":98,"column":13}}],"line":77},"8":{"loc":{"start":{"line":81,"column":16},"end":{"line":97,"column":17}},"type":"if","locations":[{"start":{"line":81,"column":16},"end":{"line":97,"column":17}},{"start":{"line":81,"column":16},"end":{"line":97,"column":17}}],"line":81},"9":{"loc":{"start":{"line":82,"column":20},"end":{"line":88,"column":21}},"type":"if","locations":[{"start":{"line":82,"column":20},"end":{"line":88,"column":21}},{"start":{"line":82,"column":20},"end":{"line":88,"column":21}}],"line":82},"10":{"loc":{"start":{"line":109,"column":4},"end":{"line":113,"column":5}},"type":"if","locations":[{"start":{"line":109,"column":4},"end":{"line":113,"column":5}},{"start":{"line":109,"column":4},"end":{"line":113,"column":5}}],"line":109}},"s":{"0":1,"1":1,"2":1,"3":1,"4":1,"5":1,"6":5,"7":5,"8":5,"9":86,"10":2345,"11":3,"12":3,"13":2342,"14":86,"15":852,"16":2,"17":2,"18":850,"19":86,"20":919,"21":81,"22":81,"23":25,"24":25,"25":25,"26":56,"27":14,"28":14,"29":42,"30":42,"31":838,"32":86,"33":5,"34":5,"35":6,"36":6,"37":6,"38":102,"39":2793,"40":3,"41":3,"42":2790,"43":102,"44":1012,"45":2,"46":2,"47":1010,"48":102,"49":1369,"50":97,"51":97,"52":49,"53":17,"54":17,"55":32,"56":32,"57":32,"58":48,"59":48,"60":1272,"61":102,"62":6,"63":6,"64":11,"65":5,"66":6,"67":1},"f":{"0":5,"1":6,"2":11},"b":{"0":[3,2342],"1":[2,850],"2":[81,838],"3":[25,56],"4":[14,42],"5":[3,2790],"6":[2,1010],"7":[97,1272],"8":[49,48],"9":[17,32],"10":[5,6]},"_coverageSchema":"1a1c01bbd47fc00a2c39e90264f33305004495a9","hash":"4736a6eb741f7b7dec60bf2a3a9729b6fcf425c6"}
,"/home/chris/TheOdinProject/Learning-Jest-Testing/src/reverse.js": {"path":"/home/chris/TheOdinProject/Learning-Jest-Testing/src/reverse.js","statementMap":{"0":{"start":{"line":2,"column":17},"end":{"line":2,"column":49}},"1":{"start":{"line":3,"column":4},"end":{"line":3,"column":18}},"2":{"start":{"line":5,"column":0},"end":{"line":5,"column":25}}},"fnMap":{"0":{"name":"reverse","decl":{"start":{"line":1,"column":9},"end":{"line":1,"column":16}},"loc":{"start":{"line":1,"column":22},"end":{"line":4,"column":1}},"line":1}},"branchMap":{},"s":{"0":1,"1":1,"2":1},"f":{"0":1},"b":{},"_coverageSchema":"1a1c01bbd47fc00a2c39e90264f33305004495a9","hash":"c818d793b046e1aac94876cf588223997781ec50"}
,"/home/chris/TheOdinProject/Learning-Jest-Testing/src/sum.js": {"path":"/home/chris/TheOdinProject/Learning-Jest-Testing/src/sum.js","statementMap":{"0":{"start":{"line":2,"column":4},"end":{"line":2,"column":15}},"1":{"start":{"line":4,"column":0},"end":{"line":4,"column":21}}},"fnMap":{"0":{"name":"sum","decl":{"start":{"line":1,"column":9},"end":{"line":1,"column":12}},"loc":{"start":{"line":1,"column":18},"end":{"line":3,"column":1}},"line":1}},"branchMap":{},"s":{"0":1,"1":1},"f":{"0":1},"b":{},"_coverageSchema":"1a1c01bbd47fc00a2c39e90264f33305004495a9","hash":"dae81725cf3e7ea80656200ff845c82c84216aca"}
}
