TN:
SF:src/arrayAnalysis.js
FN:1,average
FN:10,analyze
FN:11,(anonymous_2)
FNF:3
FNH:3
FNDA:4,average
FNDA:4,analyze
FNDA:27,(anonymous_2)
DA:2,4
DA:3,4
DA:4,24
DA:6,4
DA:7,4
DA:11,27
DA:13,4
DA:20,4
DA:23,1
LF:9
LH:9
BRF:0
BRH:0
end_of_record
TN:
SF:src/calc.js
FN:2,(anonymous_0)
FN:3,(anonymous_1)
FN:4,(anonymous_2)
FN:5,(anonymous_3)
FNF:4
FNH:4
FNDA:1,(anonymous_0)
FNDA:1,(anonymous_1)
FNDA:1,(anonymous_2)
FNDA:1,(anonymous_3)
DA:1,1
DA:2,1
DA:3,1
DA:4,1
DA:5,1
DA:7,1
LF:6
LH:6
BRF:0
BRH:0
end_of_record
TN:
SF:src/cap.js
FN:1,cap
FNF:1
FNH:1
FNDA:1,cap
DA:2,1
DA:3,1
DA:5,1
LF:3
LH:3
BRF:0
BRH:0
end_of_record
TN:
SF:src/cipher.js
FN:8,cipher
FN:56,decipher
FN:108,ceasar
FNF:3
FNH:3
FNDA:5,cipher
FNDA:6,decipher
FNDA:11,ceasar
DA:1,1
DA:2,1
DA:3,1
DA:4,1
DA:5,1
DA:6,1
DA:9,5
DA:10,5
DA:12,5
DA:13,86
DA:14,2345
DA:15,3
DA:16,3
DA:18,2342
DA:20,86
DA:21,852
DA:22,2
DA:23,2
DA:25,850
DA:27,86
DA:29,919
DA:31,81
DA:33,81
DA:34,25
DA:35,25
DA:36,25
DA:38,56
DA:41,14
DA:42,14
DA:44,42
DA:45,42
DA:48,838
DA:50,86
DA:52,5
DA:53,5
DA:57,6
DA:58,6
DA:60,6
DA:61,102
DA:62,2793
DA:63,3
DA:64,3
DA:66,2790
DA:68,102
DA:69,1012
DA:70,2
DA:71,2
DA:73,1010
DA:76,102
DA:77,1369
DA:79,97
DA:81,97
DA:82,49
DA:85,17
DA:87,17
DA:89,32
DA:90,32
DA:91,32
DA:94,48
DA:96,48
DA:99,1272
DA:102,102
DA:104,6
DA:105,6
DA:109,11
DA:110,5
DA:112,6
DA:116,1
LF:68
LH:68
BRDA:14,0,0,3
BRDA:14,0,1,2342
BRDA:21,1,0,2
BRDA:21,1,1,850
BRDA:29,2,0,81
BRDA:29,2,1,838
BRDA:33,3,0,25
BRDA:33,3,1,56
BRDA:38,4,0,14
BRDA:38,4,1,42
BRDA:62,5,0,3
BRDA:62,5,1,2790
BRDA:69,6,0,2
BRDA:69,6,1,1010
BRDA:77,7,0,97
BRDA:77,7,1,1272
BRDA:81,8,0,49
BRDA:81,8,1,48
BRDA:82,9,0,17
BRDA:82,9,1,32
BRDA:109,10,0,5
BRDA:109,10,1,6
BRF:22
BRH:22
end_of_record
TN:
SF:src/reverse.js
FN:1,reverse
FNF:1
FNH:1
FNDA:1,reverse
DA:2,1
DA:3,1
DA:5,1
LF:3
LH:3
BRF:0
BRH:0
end_of_record
TN:
SF:src/sum.js
FN:1,sum
FNF:1
FNH:1
FNDA:1,sum
DA:2,1
DA:4,1
LF:2
LH:2
BRF:0
BRH:0
end_of_record
